<?xml version="1.0" encoding="UTF-8"?>
<testng-results skipped="0" failed="0" total="1" passed="1">
  <reporter-output>
  </reporter-output>
  <suite name="Default suite" duration-ms="144664" started-at="2020-04-27T20:18:12Z" finished-at="2020-04-27T20:20:37Z">
    <groups>
    </groups>
    <test name="Default test" duration-ms="144664" started-at="2020-04-27T20:18:12Z" finished-at="2020-04-27T20:20:37Z">
      <class name="amazonTestCase.AmazonLoginDemoTest">
        <test-method status="PASS" signature="firstRun()[pri:0, instance:amazonTestCase.AmazonLoginDemoTest@6e1567f1]" name="firstRun" duration-ms="144645" started-at="2020-04-27T20:18:12Z" finished-at="2020-04-27T20:20:37Z">
        </test-method> <!-- firstRun -->
      </class> <!-- amazonTestCase.AmazonLoginDemoTest -->
    </test> <!-- Default test -->
  </suite> <!-- Default suite -->
</testng-results>
